Arguments: 
  /Users/pgavlin/.nvm/versions/node/v8.11.0/bin/node /usr/local/Cellar/yarn/1.17.3/libexec/bin/yarn.js install

PATH: 
  /Users/pgavlin/Downloads/google-cloud-sdk/bin:/Users/pgavlin/.cargo/bin:/Users/pgavlin/.nvm/versions/node/v8.11.0/bin:/usr/local/bin:/usr/bin:/bin:/usr/sbin:/sbin:/usr/local/go/bin:/usr/local/share/dotnet:/opt/X11/bin:~/.dotnet/tools:/Users/pgavlin/dev/go/bin:/Users/pgavlin/Library/Python/2.7/bin:/Users/pgavlin/.gem/ruby/2.3.0/bin:/Users/pgavlin/.pulumi/bin

Yarn version: 
  1.17.3

Node version: 
  8.11.0

Platform: 
  darwin x64

Trace: 
  SyntaxError: /Users/pgavlin/dev/go/src/github.com/pulumi/pulumi-cloudformation/sdk/nodejs/package.json: Unexpected token } in JSON at position 472
      at JSON.parse (<anonymous>)
      at /usr/local/Cellar/yarn/1.17.3/libexec/lib/cli.js:1625:59
      at Generator.next (<anonymous>)
      at step (/usr/local/Cellar/yarn/1.17.3/libexec/lib/cli.js:304:30)
      at /usr/local/Cellar/yarn/1.17.3/libexec/lib/cli.js:315:13
      at <anonymous>

npm manifest: 
  {
      "name": "@pulumi/cloudformation",
      "version": "${VERSION}",
      "description": "A Pulumi package for creating and managing cloudformation resources.",
      "license": "Apache-2.0",
      "keywords": [
          "pulumi",
          "cloudformation"
      ],
      "homepage": "https://pulumi.io",
      "repository": "https://github.com/pulumi/pulumi-cloudformation",
      "scripts": {
          "build": "tsc"
      },
      "dependencies": {
          "@pulumi/pulumi": "^1.0.0",
      },
      "devDependencies": {
          "mocha": "^5.2.0",
          "@types/mocha": "^5.2.5",
          "typescript": "^3.0.0"
      },
      "pulumi": {
          "resource": true
      }
  }

yarn manifest: 
  No manifest

Lockfile: 
  No lockfile
